[2025-01-17T19:52:57.598735+01:00] app.INFO: Acceso a index.php {"usuario":"usuario2@email.com"} []
[2025-01-17T19:52:57.618666+01:00] app.INFO: Conexión exitosa a la base de datos. [] []
[2025-01-17T19:52:57.618748+01:00] app.INFO: Conexión obtenida correctamente. [] []
[2025-01-17T19:52:57.619224+01:00] app.INFO: Canciones obtenidas {"fechaSeleccionada":null,"cantidad":31} []
[2025-01-17T19:52:57.619569+01:00] app.INFO: Fechas disponibles obtenidas {"cantidad":9} []
[2025-01-17T19:52:57.782211+01:00] app.INFO: Acceso a index.php {"usuario":"usuario2@email.com"} []
[2025-01-17T19:52:57.785822+01:00] app.INFO: Conexión exitosa a la base de datos. [] []
[2025-01-17T19:52:57.785936+01:00] app.INFO: Conexión obtenida correctamente. [] []
[2025-01-17T19:52:57.786442+01:00] app.INFO: Canciones obtenidas {"fechaSeleccionada":null,"cantidad":31} []
[2025-01-17T19:52:57.786871+01:00] app.INFO: Fechas disponibles obtenidas {"cantidad":9} []
[2025-01-17T19:52:57.948217+01:00] app.INFO: Acceso a index.php {"usuario":"usuario2@email.com"} []
[2025-01-17T19:52:57.951276+01:00] app.INFO: Conexión exitosa a la base de datos. [] []
[2025-01-17T19:52:57.951372+01:00] app.INFO: Conexión obtenida correctamente. [] []
[2025-01-17T19:52:57.951843+01:00] app.INFO: Canciones obtenidas {"fechaSeleccionada":null,"cantidad":31} []
[2025-01-17T19:52:57.952218+01:00] app.INFO: Fechas disponibles obtenidas {"cantidad":9} []
[2025-01-17T19:52:58.092422+01:00] app.INFO: Acceso a index.php {"usuario":"usuario2@email.com"} []
[2025-01-17T19:52:58.111478+01:00] app.INFO: Conexión exitosa a la base de datos. [] []
[2025-01-17T19:52:58.111568+01:00] app.INFO: Conexión obtenida correctamente. [] []
[2025-01-17T19:52:58.111930+01:00] app.INFO: Canciones obtenidas {"fechaSeleccionada":null,"cantidad":31} []
[2025-01-17T19:52:58.112260+01:00] app.INFO: Fechas disponibles obtenidas {"cantidad":9} []
[2025-01-17T19:52:58.230613+01:00] app.INFO: Acceso a index.php {"usuario":"usuario2@email.com"} []
[2025-01-17T19:52:58.246950+01:00] app.INFO: Conexión exitosa a la base de datos. [] []
[2025-01-17T19:52:58.247041+01:00] app.INFO: Conexión obtenida correctamente. [] []
[2025-01-17T19:52:58.247481+01:00] app.INFO: Canciones obtenidas {"fechaSeleccionada":null,"cantidad":31} []
[2025-01-17T19:52:58.247848+01:00] app.INFO: Fechas disponibles obtenidas {"cantidad":9} []
[2025-01-17T19:52:59.143362+01:00] app.INFO: Conexión exitosa a la base de datos. [] []
[2025-01-17T19:52:59.144474+01:00] app.INFO: Conexión obtenida correctamente. [] []
[2025-01-17T19:52:59.144520+01:00] app.INFO: Valor de ID antes de intval {"id":68} []
[2025-01-17T19:53:00.081281+01:00] app.INFO: Conexión exitosa a la base de datos. [] []
[2025-01-17T19:53:00.082915+01:00] app.INFO: Conexión obtenida correctamente. [] []
[2025-01-17T19:53:00.082965+01:00] app.ERROR: ID no válido recibido. [] []
[2025-01-17T19:53:00.084559+01:00] app.INFO: Borrado exitoso. {"id":68} []
[2025-01-17T19:53:00.101924+01:00] app.INFO: Acceso a index.php {"usuario":"usuario2@email.com"} []
[2025-01-17T19:53:00.104707+01:00] app.INFO: Conexión exitosa a la base de datos. [] []
[2025-01-17T19:53:00.104805+01:00] app.INFO: Conexión obtenida correctamente. [] []
[2025-01-17T19:53:00.105206+01:00] app.INFO: Canciones obtenidas {"fechaSeleccionada":null,"cantidad":30} []
[2025-01-17T19:53:00.105562+01:00] app.INFO: Fechas disponibles obtenidas {"cantidad":9} []
[2025-01-17T19:53:01.418861+01:00] app.INFO: Conexión exitosa a la base de datos. [] []
[2025-01-17T19:53:01.420181+01:00] app.INFO: Conexión obtenida correctamente. [] []
[2025-01-17T19:53:01.420224+01:00] app.INFO: Valor de ID antes de intval {"id":69} []
[2025-01-17T19:53:02.099308+01:00] app.INFO: Conexión exitosa a la base de datos. [] []
[2025-01-17T19:53:02.101221+01:00] app.INFO: Conexión obtenida correctamente. [] []
[2025-01-17T19:53:02.101300+01:00] app.ERROR: ID no válido recibido. [] []
[2025-01-17T19:53:02.102669+01:00] app.INFO: Borrado exitoso. {"id":69} []
[2025-01-17T19:53:02.123858+01:00] app.INFO: Acceso a index.php {"usuario":"usuario2@email.com"} []
[2025-01-17T19:53:02.139924+01:00] app.INFO: Conexión exitosa a la base de datos. [] []
[2025-01-17T19:53:02.140074+01:00] app.INFO: Conexión obtenida correctamente. [] []
[2025-01-17T19:53:02.140719+01:00] app.INFO: Canciones obtenidas {"fechaSeleccionada":null,"cantidad":29} []
[2025-01-17T19:53:02.141391+01:00] app.INFO: Fechas disponibles obtenidas {"cantidad":9} []
[2025-01-17T19:53:04.235955+01:00] app.INFO: Conexión exitosa a la base de datos. [] []
[2025-01-17T19:53:04.237032+01:00] app.INFO: Conexión obtenida correctamente. [] []
[2025-01-17T19:53:04.237077+01:00] app.INFO: Acceso a editar.php {"usuario":"usuario2@email.com"} []
[2025-01-17T19:53:04.237412+01:00] app.INFO: Canción encontrada para edición. {"id":"2","autor":"Led Zeppelin","titulo":"Stairway to Heaven","fecha":"2025-01-20"} []
[2025-01-17T19:53:06.069930+01:00] app.INFO: Conexión exitosa a la base de datos. [] []
[2025-01-17T19:53:06.071354+01:00] app.INFO: Conexión obtenida correctamente. [] []
[2025-01-17T19:53:06.071404+01:00] app.INFO: Acceso a editar.php {"usuario":"usuario2@email.com"} []
[2025-01-17T19:53:06.071430+01:00] app.WARNING: El año excede el rango permitido, truncado a 3000. {"fechaOriginal":"111111-11-11"} []
[2025-01-17T19:53:06.077144+01:00] app.INFO: Canción editada correctamente. {"id":"2","autor":"Led Zeppelin","titulo":"Stairway to Heaven","fecha":"3000-11-11"} []
[2025-01-17T19:53:06.093846+01:00] app.INFO: Acceso a index.php {"usuario":"usuario2@email.com"} []
[2025-01-17T19:53:06.097332+01:00] app.INFO: Conexión exitosa a la base de datos. [] []
[2025-01-17T19:53:06.097449+01:00] app.INFO: Conexión obtenida correctamente. [] []
[2025-01-17T19:53:06.097935+01:00] app.INFO: Canciones obtenidas {"fechaSeleccionada":null,"cantidad":29} []
[2025-01-17T19:53:06.098370+01:00] app.INFO: Fechas disponibles obtenidas {"cantidad":9} []
[2025-01-17T19:53:08.390775+01:00] app.INFO: Conexión exitosa a la base de datos. [] []
[2025-01-17T19:53:08.392015+01:00] app.INFO: Conexión obtenida correctamente. [] []
[2025-01-17T19:53:08.392065+01:00] app.INFO: Acceso a editar.php {"usuario":"usuario2@email.com"} []
[2025-01-17T19:53:08.392429+01:00] app.INFO: Canción encontrada para edición. {"id":"2","autor":"Led Zeppelin","titulo":"Stairway to Heaven","fecha":"3000-11-11"} []
[2025-01-17T19:53:10.438053+01:00] app.INFO: Conexión exitosa a la base de datos. [] []
[2025-01-17T19:53:10.439581+01:00] app.INFO: Conexión obtenida correctamente. [] []
[2025-01-17T19:53:10.439635+01:00] app.INFO: Acceso a editar.php {"usuario":"usuario2@email.com"} []
[2025-01-17T19:53:10.439674+01:00] app.WARNING: El año excede el rango permitido, truncado a 3000. {"fechaOriginal":"275760-03-31"} []
[2025-01-17T19:53:10.445271+01:00] app.INFO: Canción editada correctamente. {"id":"2","autor":"Led Zeppelin","titulo":"Stairway to Heaven","fecha":"3000-03-31"} []
[2025-01-17T19:53:10.459060+01:00] app.INFO: Acceso a index.php {"usuario":"usuario2@email.com"} []
[2025-01-17T19:53:10.484085+01:00] app.INFO: Conexión exitosa a la base de datos. [] []
[2025-01-17T19:53:10.484165+01:00] app.INFO: Conexión obtenida correctamente. [] []
[2025-01-17T19:53:10.484594+01:00] app.INFO: Canciones obtenidas {"fechaSeleccionada":null,"cantidad":29} []
[2025-01-17T19:53:10.484960+01:00] app.INFO: Fechas disponibles obtenidas {"cantidad":9} []
[2025-01-17T19:55:38.703746+01:00] app.INFO: Acceso a index.php {"usuario":"usuario2@email.com"} []
[2025-01-17T19:55:38.706845+01:00] app.INFO: Conexión exitosa a la base de datos. [] []
[2025-01-17T19:55:38.706928+01:00] app.INFO: Conexión obtenida correctamente. [] []
[2025-01-17T19:55:38.707437+01:00] app.INFO: Canciones obtenidas {"fechaSeleccionada":null,"cantidad":29} []
[2025-01-17T19:55:38.707895+01:00] app.INFO: Fechas disponibles obtenidas {"cantidad":9} []
[2025-01-17T19:55:39.049289+01:00] app.INFO: Acceso a index.php {"usuario":"usuario2@email.com"} []
[2025-01-17T19:55:39.073765+01:00] app.INFO: Conexión exitosa a la base de datos. [] []
[2025-01-17T19:55:39.073846+01:00] app.INFO: Conexión obtenida correctamente. [] []
[2025-01-17T19:55:39.074340+01:00] app.INFO: Canciones obtenidas {"fechaSeleccionada":null,"cantidad":29} []
[2025-01-17T19:55:39.074693+01:00] app.INFO: Fechas disponibles obtenidas {"cantidad":9} []
[2025-01-17T19:55:39.225032+01:00] app.INFO: Acceso a index.php {"usuario":"usuario2@email.com"} []
[2025-01-17T19:55:39.240858+01:00] app.INFO: Conexión exitosa a la base de datos. [] []
[2025-01-17T19:55:39.240934+01:00] app.INFO: Conexión obtenida correctamente. [] []
[2025-01-17T19:55:39.241283+01:00] app.INFO: Canciones obtenidas {"fechaSeleccionada":null,"cantidad":29} []
[2025-01-17T19:55:39.241612+01:00] app.INFO: Fechas disponibles obtenidas {"cantidad":9} []
[2025-01-17T19:55:39.416085+01:00] app.INFO: Acceso a index.php {"usuario":"usuario2@email.com"} []
[2025-01-17T19:55:39.427965+01:00] app.INFO: Conexión exitosa a la base de datos. [] []
[2025-01-17T19:55:39.428250+01:00] app.INFO: Conexión obtenida correctamente. [] []
[2025-01-17T19:55:39.428708+01:00] app.INFO: Canciones obtenidas {"fechaSeleccionada":null,"cantidad":29} []
[2025-01-17T19:55:39.429012+01:00] app.INFO: Fechas disponibles obtenidas {"cantidad":9} []
[2025-01-17T19:55:39.589287+01:00] app.INFO: Acceso a index.php {"usuario":"usuario2@email.com"} []
[2025-01-17T19:55:39.611015+01:00] app.INFO: Conexión exitosa a la base de datos. [] []
[2025-01-17T19:55:39.611090+01:00] app.INFO: Conexión obtenida correctamente. [] []
[2025-01-17T19:55:39.611475+01:00] app.INFO: Canciones obtenidas {"fechaSeleccionada":null,"cantidad":29} []
[2025-01-17T19:55:39.611794+01:00] app.INFO: Fechas disponibles obtenidas {"cantidad":9} []
[2025-01-17T19:55:39.775624+01:00] app.INFO: Acceso a index.php {"usuario":"usuario2@email.com"} []
[2025-01-17T19:55:39.794608+01:00] app.INFO: Conexión exitosa a la base de datos. [] []
[2025-01-17T19:55:39.794698+01:00] app.INFO: Conexión obtenida correctamente. [] []
[2025-01-17T19:55:39.795203+01:00] app.INFO: Canciones obtenidas {"fechaSeleccionada":null,"cantidad":29} []
[2025-01-17T19:55:39.795557+01:00] app.INFO: Fechas disponibles obtenidas {"cantidad":9} []
[2025-01-17T19:55:41.129132+01:00] app.INFO: Acceso a index.php {"usuario":"usuario2@email.com"} []
[2025-01-17T19:55:41.145159+01:00] app.INFO: Conexión exitosa a la base de datos. [] []
[2025-01-17T19:55:41.145236+01:00] app.INFO: Conexión obtenida correctamente. [] []
[2025-01-17T19:55:41.145596+01:00] app.INFO: Canciones obtenidas {"fechaSeleccionada":null,"cantidad":29} []
[2025-01-17T19:55:41.145940+01:00] app.INFO: Fechas disponibles obtenidas {"cantidad":9} []
[2025-01-17T19:55:41.504784+01:00] app.INFO: Acceso a index.php {"usuario":"usuario2@email.com"} []
[2025-01-17T19:55:41.506851+01:00] app.INFO: Conexión exitosa a la base de datos. [] []
[2025-01-17T19:55:41.506898+01:00] app.INFO: Conexión obtenida correctamente. [] []
[2025-01-17T19:55:41.507198+01:00] app.INFO: Canciones obtenidas {"fechaSeleccionada":null,"cantidad":29} []
[2025-01-17T19:55:41.507455+01:00] app.INFO: Fechas disponibles obtenidas {"cantidad":9} []
[2025-01-17T19:55:42.028730+01:00] app.INFO: Cerrando sesión {"usuario":"usuario2@email.com"} []
[2025-01-17T19:55:43.251244+01:00] app.INFO: Conexión exitosa a la base de datos. [] []
[2025-01-17T19:55:43.252414+01:00] app.INFO: Conexión obtenida correctamente. [] []
[2025-01-17T19:55:43.320729+01:00] app.INFO: Acceso a index.php {"usuario":"usuario2@email.com"} []
[2025-01-17T19:55:43.322931+01:00] app.INFO: Conexión exitosa a la base de datos. [] []
[2025-01-17T19:55:43.322989+01:00] app.INFO: Conexión obtenida correctamente. [] []
[2025-01-17T19:55:43.323324+01:00] app.INFO: Canciones obtenidas {"fechaSeleccionada":null,"cantidad":29} []
[2025-01-17T19:55:43.323638+01:00] app.INFO: Fechas disponibles obtenidas {"cantidad":9} []
[2025-01-17T19:55:44.230366+01:00] app.INFO: Cerrando sesión {"usuario":"usuario2@email.com"} []
[2025-01-17T19:55:46.881920+01:00] app.INFO: Conexión exitosa a la base de datos. [] []
[2025-01-17T19:55:46.883015+01:00] app.INFO: Conexión obtenida correctamente. [] []
[2025-01-17T19:55:46.958864+01:00] app.INFO: Acceso a index.php {"usuario":"usuario1@email.com"} []
[2025-01-17T19:55:46.977339+01:00] app.INFO: Conexión exitosa a la base de datos. [] []
[2025-01-17T19:55:46.977414+01:00] app.INFO: Conexión obtenida correctamente. [] []
[2025-01-17T19:55:46.977709+01:00] app.INFO: Canciones obtenidas {"fechaSeleccionada":null,"cantidad":29} []
[2025-01-17T19:55:46.977916+01:00] app.INFO: Fechas disponibles obtenidas {"cantidad":9} []
[2025-01-17T19:55:49.607387+01:00] app.INFO: Cerrando sesión {"usuario":"usuario1@email.com"} []
[2025-01-17T19:55:51.507670+01:00] app.INFO: Conexión exitosa a la base de datos. [] []
[2025-01-17T19:55:51.508844+01:00] app.INFO: Conexión obtenida correctamente. [] []
[2025-01-17T19:55:51.580727+01:00] app.INFO: Acceso a index.php {"usuario":"usuario2@email.com"} []
[2025-01-17T19:55:51.597476+01:00] app.INFO: Conexión exitosa a la base de datos. [] []
[2025-01-17T19:55:51.597552+01:00] app.INFO: Conexión obtenida correctamente. [] []
[2025-01-17T19:55:51.597857+01:00] app.INFO: Canciones obtenidas {"fechaSeleccionada":null,"cantidad":29} []
[2025-01-17T19:55:51.598072+01:00] app.INFO: Fechas disponibles obtenidas {"cantidad":9} []
[2025-01-17T19:55:53.705553+01:00] app.INFO: Cerrando sesión {"usuario":"usuario2@email.com"} []
[2025-01-17T19:55:54.849777+01:00] app.INFO: Conexión exitosa a la base de datos. [] []
[2025-01-17T19:55:54.850857+01:00] app.INFO: Conexión obtenida correctamente. [] []
[2025-01-17T19:55:54.924879+01:00] app.INFO: Acceso a index.php {"usuario":"usuario2@email.com"} []
[2025-01-17T19:55:54.943371+01:00] app.INFO: Conexión exitosa a la base de datos. [] []
[2025-01-17T19:55:54.943447+01:00] app.INFO: Conexión obtenida correctamente. [] []
[2025-01-17T19:55:54.943742+01:00] app.INFO: Canciones obtenidas {"fechaSeleccionada":null,"cantidad":29} []
[2025-01-17T19:55:54.943968+01:00] app.INFO: Fechas disponibles obtenidas {"cantidad":9} []
[2025-01-17T19:55:56.173196+01:00] app.INFO: Cerrando sesión {"usuario":"usuario2@email.com"} []
[2025-01-17T19:58:24.953392+01:00] app.INFO: Conexión exitosa a la base de datos. [] []
[2025-01-17T19:58:24.954860+01:00] app.INFO: Conexión obtenida correctamente. [] []
[2025-01-17T19:58:25.023376+01:00] app.INFO: Acceso a index.php {"usuario":"usuario2@email.com"} []
[2025-01-17T19:58:25.041516+01:00] app.INFO: Conexión exitosa a la base de datos. [] []
[2025-01-17T19:58:25.041605+01:00] app.INFO: Conexión obtenida correctamente. [] []
[2025-01-17T19:58:25.041971+01:00] app.INFO: Canciones obtenidas {"fechaSeleccionada":null,"cantidad":29} []
[2025-01-17T19:58:25.042270+01:00] app.INFO: Fechas disponibles obtenidas {"cantidad":9} []
[2025-01-17T20:00:05.299046+01:00] app.INFO: Acceso a index.php {"usuario":"usuario2@email.com"} []
[2025-01-17T20:00:05.325300+01:00] app.INFO: Conexión exitosa a la base de datos. [] []
[2025-01-17T20:00:05.325368+01:00] app.INFO: Conexión obtenida correctamente. [] []
[2025-01-17T20:00:05.325837+01:00] app.INFO: Canciones obtenidas {"fechaSeleccionada":null,"cantidad":29} []
[2025-01-17T20:00:05.326254+01:00] app.INFO: Fechas disponibles obtenidas {"cantidad":9} []
[2025-01-17T20:00:06.002494+01:00] app.INFO: Acceso a index.php {"usuario":"usuario2@email.com"} []
[2025-01-17T20:00:06.021787+01:00] app.INFO: Conexión exitosa a la base de datos. [] []
[2025-01-17T20:00:06.021866+01:00] app.INFO: Conexión obtenida correctamente. [] []
[2025-01-17T20:00:06.022230+01:00] app.INFO: Canciones obtenidas {"fechaSeleccionada":null,"cantidad":29} []
[2025-01-17T20:00:06.022487+01:00] app.INFO: Fechas disponibles obtenidas {"cantidad":9} []
[2025-01-17T20:00:06.208606+01:00] app.INFO: Acceso a index.php {"usuario":"usuario2@email.com"} []
[2025-01-17T20:00:06.210918+01:00] app.INFO: Conexión exitosa a la base de datos. [] []
[2025-01-17T20:00:06.210971+01:00] app.INFO: Conexión obtenida correctamente. [] []
[2025-01-17T20:00:06.211311+01:00] app.INFO: Canciones obtenidas {"fechaSeleccionada":null,"cantidad":29} []
[2025-01-17T20:00:06.211626+01:00] app.INFO: Fechas disponibles obtenidas {"cantidad":9} []
[2025-01-17T20:00:06.408981+01:00] app.INFO: Acceso a index.php {"usuario":"usuario2@email.com"} []
[2025-01-17T20:00:06.423337+01:00] app.INFO: Conexión exitosa a la base de datos. [] []
[2025-01-17T20:00:06.423424+01:00] app.INFO: Conexión obtenida correctamente. [] []
[2025-01-17T20:00:06.423756+01:00] app.INFO: Canciones obtenidas {"fechaSeleccionada":null,"cantidad":29} []
[2025-01-17T20:00:06.424014+01:00] app.INFO: Fechas disponibles obtenidas {"cantidad":9} []
[2025-01-17T20:00:06.576110+01:00] app.INFO: Acceso a index.php {"usuario":"usuario2@email.com"} []
[2025-01-17T20:00:06.597472+01:00] app.INFO: Conexión exitosa a la base de datos. [] []
[2025-01-17T20:00:06.597559+01:00] app.INFO: Conexión obtenida correctamente. [] []
[2025-01-17T20:00:06.597902+01:00] app.INFO: Canciones obtenidas {"fechaSeleccionada":null,"cantidad":29} []
[2025-01-17T20:00:06.598151+01:00] app.INFO: Fechas disponibles obtenidas {"cantidad":9} []
[2025-01-17T20:00:07.188762+01:00] app.INFO: Conexión exitosa a la base de datos. [] []
[2025-01-17T20:00:07.189922+01:00] app.INFO: Conexión obtenida correctamente. [] []
[2025-01-17T20:00:07.189956+01:00] app.INFO: Valor de ID antes de intval {"id":70} []
[2025-01-17T20:00:08.526421+01:00] app.INFO: Conexión exitosa a la base de datos. [] []
[2025-01-17T20:00:08.527490+01:00] app.INFO: Conexión obtenida correctamente. [] []
[2025-01-17T20:00:08.527524+01:00] app.ERROR: ID no válido recibido. [] []
[2025-01-17T20:00:08.529081+01:00] app.INFO: Canción borrada correctamente {"id":70} []
[2025-01-17T20:00:08.529132+01:00] app.INFO: Borrado exitoso. {"id":70} []
[2025-01-17T20:00:08.541576+01:00] app.INFO: Acceso a index.php {"usuario":"usuario2@email.com"} []
[2025-01-17T20:00:08.559418+01:00] app.INFO: Conexión exitosa a la base de datos. [] []
[2025-01-17T20:00:08.559499+01:00] app.INFO: Conexión obtenida correctamente. [] []
[2025-01-17T20:00:08.559891+01:00] app.INFO: Canciones obtenidas {"fechaSeleccionada":null,"cantidad":28} []
[2025-01-17T20:00:08.560285+01:00] app.INFO: Fechas disponibles obtenidas {"cantidad":9} []
[2025-01-17T20:00:09.870288+01:00] app.INFO: Conexión exitosa a la base de datos. [] []
[2025-01-17T20:00:09.871501+01:00] app.INFO: Conexión obtenida correctamente. [] []
[2025-01-17T20:00:09.871550+01:00] app.INFO: Valor de ID antes de intval {"id":71} []
[2025-01-17T20:00:10.654475+01:00] app.INFO: Conexión exitosa a la base de datos. [] []
[2025-01-17T20:00:10.655614+01:00] app.INFO: Conexión obtenida correctamente. [] []
[2025-01-17T20:00:10.655675+01:00] app.ERROR: ID no válido recibido. [] []
[2025-01-17T20:00:10.657113+01:00] app.INFO: Canción borrada correctamente {"id":71} []
[2025-01-17T20:00:10.657161+01:00] app.INFO: Borrado exitoso. {"id":71} []
[2025-01-17T20:00:10.669695+01:00] app.INFO: Acceso a index.php {"usuario":"usuario2@email.com"} []
[2025-01-17T20:00:10.683866+01:00] app.INFO: Conexión exitosa a la base de datos. [] []
[2025-01-17T20:00:10.683941+01:00] app.INFO: Conexión obtenida correctamente. [] []
[2025-01-17T20:00:10.684225+01:00] app.INFO: Canciones obtenidas {"fechaSeleccionada":null,"cantidad":27} []
[2025-01-17T20:00:10.684431+01:00] app.INFO: Fechas disponibles obtenidas {"cantidad":9} []
[2025-01-17T20:00:11.853524+01:00] app.INFO: Cerrando sesión {"usuario":"usuario2@email.com"} []
[2025-01-17T20:00:12.562748+01:00] app.INFO: Conexión exitosa a la base de datos. [] []
[2025-01-17T20:00:12.563797+01:00] app.INFO: Conexión obtenida correctamente. [] []
[2025-01-17T20:00:12.630233+01:00] app.INFO: Acceso a index.php {"usuario":"usuario2@email.com"} []
[2025-01-17T20:00:12.632570+01:00] app.INFO: Conexión exitosa a la base de datos. [] []
[2025-01-17T20:00:12.632622+01:00] app.INFO: Conexión obtenida correctamente. [] []
[2025-01-17T20:00:12.632937+01:00] app.INFO: Canciones obtenidas {"fechaSeleccionada":null,"cantidad":27} []
[2025-01-17T20:00:12.633195+01:00] app.INFO: Fechas disponibles obtenidas {"cantidad":9} []
[2025-01-17T20:00:16.429860+01:00] app.INFO: Cerrando sesión {"usuario":"usuario2@email.com"} []
[2025-01-17T20:00:21.552926+01:00] app.INFO: Conexión exitosa a la base de datos. [] []
[2025-01-17T20:00:21.554063+01:00] app.INFO: Conexión obtenida correctamente. [] []
[2025-01-17T20:00:21.620551+01:00] app.INFO: Acceso a index.php {"usuario":"usuario1@email.com"} []
[2025-01-17T20:00:21.623073+01:00] app.INFO: Conexión exitosa a la base de datos. [] []
[2025-01-17T20:00:21.623137+01:00] app.INFO: Conexión obtenida correctamente. [] []
[2025-01-17T20:00:21.623617+01:00] app.INFO: Canciones obtenidas {"fechaSeleccionada":null,"cantidad":27} []
[2025-01-17T20:00:21.623978+01:00] app.INFO: Fechas disponibles obtenidas {"cantidad":9} []
[2025-01-17T20:00:23.614695+01:00] app.INFO: Conexión exitosa a la base de datos. [] []
[2025-01-17T20:00:23.615851+01:00] app.INFO: Conexión obtenida correctamente. [] []
[2025-01-17T20:00:23.615884+01:00] app.INFO: Acceso a editar.php {"usuario":"usuario1@email.com"} []
[2025-01-17T20:00:23.616143+01:00] app.INFO: Canción encontrada para edición. {"id":"2","autor":"Led Zeppelin","titulo":"Stairway to Heaven","fecha":"3000-03-31"} []
[2025-01-17T20:00:28.319627+01:00] app.INFO: Conexión exitosa a la base de datos. [] []
[2025-01-17T20:00:28.321026+01:00] app.INFO: Conexión obtenida correctamente. [] []
[2025-01-17T20:00:28.321061+01:00] app.INFO: Acceso a editar.php {"usuario":"usuario1@email.com"} []
[2025-01-17T20:00:28.321086+01:00] app.WARNING: El año excede el rango permitido, truncado a 3000. {"fechaOriginal":"111111-11-11"} []
[2025-01-17T20:00:28.322036+01:00] app.INFO: Canción editada correctamente {"id":"2","autor":"Led Zeppelin","titulo":"Stairway to Heaven","fecha":"3000-11-11"} []
[2025-01-17T20:00:28.322063+01:00] app.INFO: Canción editada correctamente. {"id":"2","autor":"Led Zeppelin","titulo":"Stairway to Heaven","fecha":"3000-11-11"} []
[2025-01-17T20:00:28.334299+01:00] app.INFO: Acceso a index.php {"usuario":"usuario1@email.com"} []
[2025-01-17T20:00:28.350063+01:00] app.INFO: Conexión exitosa a la base de datos. [] []
[2025-01-17T20:00:28.350148+01:00] app.INFO: Conexión obtenida correctamente. [] []
[2025-01-17T20:00:28.350564+01:00] app.INFO: Canciones obtenidas {"fechaSeleccionada":null,"cantidad":27} []
[2025-01-17T20:00:28.350921+01:00] app.INFO: Fechas disponibles obtenidas {"cantidad":9} []
[2025-01-17T20:00:30.294914+01:00] app.INFO: Conexión exitosa a la base de datos. [] []
[2025-01-17T20:00:30.296111+01:00] app.INFO: Conexión obtenida correctamente. [] []
[2025-01-17T20:00:30.296156+01:00] app.INFO: Acceso a editar.php {"usuario":"usuario1@email.com"} []
[2025-01-17T20:00:30.296481+01:00] app.INFO: Canción encontrada para edición. {"id":"1","autor":"The Beatles","titulo":"Hey Jude","fecha":"3000-09-09"} []
[2025-01-17T20:00:32.388549+01:00] app.INFO: Conexión exitosa a la base de datos. [] []
[2025-01-17T20:00:32.389749+01:00] app.INFO: Conexión obtenida correctamente. [] []
[2025-01-17T20:00:32.389785+01:00] app.INFO: Acceso a editar.php {"usuario":"usuario1@email.com"} []
[2025-01-17T20:00:32.389809+01:00] app.WARNING: El año excede el rango permitido, truncado a 3000. {"fechaOriginal":"222222-02-22"} []
[2025-01-17T20:00:32.394951+01:00] app.INFO: Canción editada correctamente {"id":"1","autor":"The Beatles","titulo":"Hey Jude","fecha":"3000-02-22"} []
[2025-01-17T20:00:32.395010+01:00] app.INFO: Canción editada correctamente. {"id":"1","autor":"The Beatles","titulo":"Hey Jude","fecha":"3000-02-22"} []
[2025-01-17T20:00:32.407202+01:00] app.INFO: Acceso a index.php {"usuario":"usuario1@email.com"} []
[2025-01-17T20:00:32.409494+01:00] app.INFO: Conexión exitosa a la base de datos. [] []
[2025-01-17T20:00:32.409572+01:00] app.INFO: Conexión obtenida correctamente. [] []
[2025-01-17T20:00:32.410006+01:00] app.INFO: Canciones obtenidas {"fechaSeleccionada":null,"cantidad":27} []
[2025-01-17T20:00:32.410329+01:00] app.INFO: Fechas disponibles obtenidas {"cantidad":9} []
[2025-01-17T20:00:33.751309+01:00] app.INFO: Conexión exitosa a la base de datos. [] []
[2025-01-17T20:00:33.752482+01:00] app.INFO: Conexión obtenida correctamente. [] []
[2025-01-17T20:00:33.752555+01:00] app.INFO: Valor de ID antes de intval {"id":72} []
[2025-01-17T20:00:34.701004+01:00] app.INFO: Conexión exitosa a la base de datos. [] []
[2025-01-17T20:00:34.702119+01:00] app.INFO: Conexión obtenida correctamente. [] []
[2025-01-17T20:00:34.702154+01:00] app.ERROR: ID no válido recibido. [] []
[2025-01-17T20:00:34.703478+01:00] app.INFO: Canción borrada correctamente {"id":72} []
[2025-01-17T20:00:34.703520+01:00] app.INFO: Borrado exitoso. {"id":72} []
[2025-01-17T20:00:34.716263+01:00] app.INFO: Acceso a index.php {"usuario":"usuario1@email.com"} []
[2025-01-17T20:00:34.735563+01:00] app.INFO: Conexión exitosa a la base de datos. [] []
[2025-01-17T20:00:34.735642+01:00] app.INFO: Conexión obtenida correctamente. [] []
[2025-01-17T20:00:34.735999+01:00] app.INFO: Canciones obtenidas {"fechaSeleccionada":null,"cantidad":26} []
[2025-01-17T20:00:34.736318+01:00] app.INFO: Fechas disponibles obtenidas {"cantidad":9} []
[2025-01-17T20:00:35.850979+01:00] app.INFO: Conexión exitosa a la base de datos. [] []
[2025-01-17T20:00:35.852269+01:00] app.INFO: Conexión obtenida correctamente. [] []
[2025-01-17T20:00:35.852307+01:00] app.INFO: Valor de ID antes de intval {"id":73} []
[2025-01-17T20:00:36.537903+01:00] app.INFO: Conexión exitosa a la base de datos. [] []
[2025-01-17T20:00:36.539027+01:00] app.INFO: Conexión obtenida correctamente. [] []
[2025-01-17T20:00:36.539079+01:00] app.ERROR: ID no válido recibido. [] []
[2025-01-17T20:00:36.540215+01:00] app.INFO: Canción borrada correctamente {"id":73} []
[2025-01-17T20:00:36.540254+01:00] app.INFO: Borrado exitoso. {"id":73} []
[2025-01-17T20:00:36.552694+01:00] app.INFO: Acceso a index.php {"usuario":"usuario1@email.com"} []
[2025-01-17T20:00:36.569040+01:00] app.INFO: Conexión exitosa a la base de datos. [] []
[2025-01-17T20:00:36.569120+01:00] app.INFO: Conexión obtenida correctamente. [] []
[2025-01-17T20:00:36.569509+01:00] app.INFO: Canciones obtenidas {"fechaSeleccionada":null,"cantidad":25} []
[2025-01-17T20:00:36.569827+01:00] app.INFO: Fechas disponibles obtenidas {"cantidad":9} []
